0 info it worked if it ends with ok
1 verbose cli [ '/Users/goldenberg/.nvm/versions/node/v6.0.0/bin/node',
1 verbose cli   '/Users/goldenberg/.nvm/versions/node/v6.0.0/bin/npm',
1 verbose cli   'publish' ]
2 info using npm@3.8.6
3 info using node@v6.0.0
4 verbose publish [ '.' ]
5 silly cache add args [ '.', null ]
6 verbose cache add spec .
7 silly cache add parsed spec Result {
7 silly cache add   raw: '.',
7 silly cache add   scope: null,
7 silly cache add   name: null,
7 silly cache add   rawSpec: '.',
7 silly cache add   spec: '/Users/goldenberg/Globe/graphics/2016/02/election-utils',
7 silly cache add   type: 'directory' }
8 verbose addLocalDirectory /Users/goldenberg/.npm/election-utils/3.5.7/package.tgz not in flight; packing
9 verbose correctMkdir /Users/goldenberg/.npm correctMkdir not in flight; initializing
10 info lifecycle election-utils@3.5.7~prepublish: election-utils@3.5.7
11 verbose lifecycle election-utils@3.5.7~prepublish: unsafe-perm in lifecycle true
12 verbose lifecycle election-utils@3.5.7~prepublish: PATH: /Users/goldenberg/.nvm/versions/node/v6.0.0/lib/node_modules/npm/bin/node-gyp-bin:/Users/goldenberg/Globe/graphics/2016/02/election-utils/node_modules/.bin:/Users/goldenberg/.nvm/versions/node/v6.0.0/bin:/Users/goldenberg/.nvm/versions/node/v6.0.0/bin:/Users/goldenberg/miniconda3/bin:/Users/goldenberg/anaconda/bin:/Users/goldenberg/bin:/usr/local/bin:/usr/bin:/bin:/usr/sbin:/sbin:/opt/X11/bin
13 verbose lifecycle election-utils@3.5.7~prepublish: CWD: /Users/goldenberg/Globe/graphics/2016/02/election-utils
14 silly lifecycle election-utils@3.5.7~prepublish: Args: [ '-c', 'BABEL_ENV=rollup npm run build && npm run test' ]
15 silly lifecycle election-utils@3.5.7~prepublish: Returned: code: 1  signal: null
16 info lifecycle election-utils@3.5.7~prepublish: Failed to exec prepublish script
17 error addLocal Could not install /Users/goldenberg/Globe/graphics/2016/02/election-utils
18 verbose stack Error: election-utils@3.5.7 prepublish: `BABEL_ENV=rollup npm run build && npm run test`
18 verbose stack Exit status 1
18 verbose stack     at EventEmitter.<anonymous> (/Users/goldenberg/.nvm/versions/node/v6.0.0/lib/node_modules/npm/lib/utils/lifecycle.js:239:16)
18 verbose stack     at emitTwo (events.js:106:13)
18 verbose stack     at EventEmitter.emit (events.js:191:7)
18 verbose stack     at ChildProcess.<anonymous> (/Users/goldenberg/.nvm/versions/node/v6.0.0/lib/node_modules/npm/lib/utils/spawn.js:24:14)
18 verbose stack     at emitTwo (events.js:106:13)
18 verbose stack     at ChildProcess.emit (events.js:191:7)
18 verbose stack     at maybeClose (internal/child_process.js:850:16)
18 verbose stack     at Process.ChildProcess._handle.onexit (internal/child_process.js:215:5)
19 verbose pkgid election-utils@3.5.7
20 verbose cwd /Users/goldenberg/Globe/graphics/2016/02/election-utils
21 error Darwin 14.5.0
22 error argv "/Users/goldenberg/.nvm/versions/node/v6.0.0/bin/node" "/Users/goldenberg/.nvm/versions/node/v6.0.0/bin/npm" "publish"
23 error node v6.0.0
24 error npm  v3.8.6
25 error code ELIFECYCLE
26 error election-utils@3.5.7 prepublish: `BABEL_ENV=rollup npm run build && npm run test`
26 error Exit status 1
27 error Failed at the election-utils@3.5.7 prepublish script 'BABEL_ENV=rollup npm run build && npm run test'.
27 error Make sure you have the latest version of node.js and npm installed.
27 error If you do, this is most likely a problem with the election-utils package,
27 error not with npm itself.
27 error Tell the author that this fails on your system:
27 error     BABEL_ENV=rollup npm run build && npm run test
27 error You can get information on how to open an issue for this project with:
27 error     npm bugs election-utils
27 error Or if that isn't available, you can get their info via:
27 error     npm owner ls election-utils
27 error There is likely additional logging output above.
28 verbose exit [ 1, true ]
